# JRE version: OpenJDK Runtime Environment (11.0.10) (build 11.0.10+0-b96-7249189)
# Java VM: OpenJDK 64-Bit Server VM (11.0.10+0-b96-7249189, mixed mode, tiered, compressed oops, g1 gc, windows-amd64)
Heap:
 garbage-first heap   total 141312K, used 89597K [0x0000000080000000, 0x0000000100000000)
  region size 1024K, 13 young (13312K), 1 survivors (1024K)
 Metaspace       used 95827K, capacity 98670K, committed 98816K, reserved 1134592K
  class space    used 11935K, capacity 12932K, committed 13056K, reserved 1048576K
GC Heap History (20 events):
Event: 2100.487 GC heap before
{Heap before GC invocations=135 (full 0):
 garbage-first heap   total 141312K, used 113731K [0x0000000080000000, 0x0000000100000000)
  region size 1024K, 30 young (30720K), 3 survivors (3072K)
 Metaspace       used 95237K, capacity 98062K, committed 98560K, reserved 1134592K
  class space    used 11889K, capacity 12896K, committed 13056K, reserved 1048576K
}
Event: 2100.507 GC heap after
{Heap after GC invocations=136 (full 0):
 garbage-first heap   total 141312K, used 101494K [0x0000000080000000, 0x0000000100000000)
  region size 1024K, 4 young (4096K), 4 survivors (4096K)
 Metaspace       used 95237K, capacity 98062K, committed 98560K, reserved 1134592K
  class space    used 11889K, capacity 12896K, committed 13056K, reserved 1048576K
}
Event: 2100.536 GC heap before
{Heap before GC invocations=136 (full 0):
 garbage-first heap   total 141312K, used 109686K [0x0000000080000000, 0x0000000100000000)
  region size 1024K, 6 young (6144K), 4 survivors (4096K)
 Metaspace       used 95237K, capacity 98062K, committed 98560K, reserved 1134592K
  class space    used 11889K, capacity 12896K, committed 13056K, reserved 1048576K
}
Event: 2100.556 GC heap after
{Heap after GC invocations=137 (full 0):
 garbage-first heap   total 141312K, used 96356K [0x0000000080000000, 0x0000000100000000)
  region size 1024K, 1 young (1024K), 1 survivors (1024K)
 Metaspace       used 95237K, capacity 98062K, committed 98560K, reserved 1134592K
  class space    used 11889K, capacity 12896K, committed 13056K, reserved 1048576K
}
Event: 2100.671 GC heap before
{Heap before GC invocations=137 (full 0):
 garbage-first heap   total 141312K, used 108644K [0x0000000080000000, 0x0000000100000000)
  region size 1024K, 6 young (6144K), 1 survivors (1024K)
 Metaspace       used 95252K, capacity 98069K, committed 98560K, reserved 1134592K
  class space    used 11889K, capacity 12897K, committed 13056K, reserved 1048576K
}
Event: 2100.685 GC heap after
{Heap after GC invocations=138 (full 0):
 garbage-first heap   total 141312K, used 92110K [0x0000000080000000, 0x0000000100000000)
  region size 1024K, 1 young (1024K), 1 survivors (1024K)
 Metaspace       used 95252K, capacity 98069K, committed 98560K, reserved 1134592K
  class space    used 11889K, capacity 12897K, committed 13056K, reserved 1048576K
}
Event: 2180.065 GC heap before
{Heap before GC invocations=138 (full 0):
 garbage-first heap   total 141312K, used 110542K [0x0000000080000000, 0x0000000100000000)
  region size 1024K, 20 young (20480K), 1 survivors (1024K)
 Metaspace       used 95574K, capacity 98461K, committed 98816K, reserved 1134592K
  class space    used 11934K, capacity 12931K, committed 13056K, reserved 1048576K
}
Event: 2180.071 GC heap after
{Heap after GC invocations=139 (full 0):
 garbage-first heap   total 141312K, used 93263K [0x0000000080000000, 0x0000000100000000)
  region size 1024K, 2 young (2048K), 2 survivors (2048K)
 Metaspace       used 95574K, capacity 98461K, committed 98816K, reserved 1134592K
  class space    used 11934K, capacity 12931K, committed 13056K, reserved 1048576K
}
Event: 2182.242 GC heap before
{Heap before GC invocations=140 (full 0):
 garbage-first heap   total 141312K, used 109647K [0x0000000080000000, 0x0000000100000000)
  region size 1024K, 22 young (22528K), 2 survivors (2048K)
 Metaspace       used 95625K, capacity 98461K, committed 98816K, reserved 1134592K
  class space    used 11934K, capacity 12931K, committed 13056K, reserved 1048576K
}
Event: 2182.248 GC heap after
{Heap after GC invocations=141 (full 0):
 garbage-first heap   total 141312K, used 91853K [0x0000000080000000, 0x0000000100000000)
  region size 1024K, 3 young (3072K), 3 survivors (3072K)
 Metaspace       used 95625K, capacity 98461K, committed 98816K, reserved 1134592K
  class space    used 11934K, capacity 12931K, committed 13056K, reserved 1048576K
}
Event: 2182.279 GC heap before
{Heap before GC invocations=141 (full 0):
 garbage-first heap   total 141312K, used 94925K [0x0000000080000000, 0x0000000100000000)
  region size 1024K, 6 young (6144K), 3 survivors (3072K)
 Metaspace       used 95645K, capacity 98526K, committed 98816K, reserved 1134592K
  class space    used 11934K, capacity 12931K, committed 13056K, reserved 1048576K
}
Event: 2182.290 GC heap after
{Heap after GC invocations=142 (full 0):
 garbage-first heap   total 141312K, used 83391K [0x0000000080000000, 0x0000000100000000)
  region size 1024K, 1 young (1024K), 1 survivors (1024K)
 Metaspace       used 95645K, capacity 98526K, committed 98816K, reserved 1134592K
  class space    used 11934K, capacity 12931K, committed 13056K, reserved 1048576K
}
Event: 2182.725 GC heap before
{Heap before GC invocations=142 (full 0):
 garbage-first heap   total 141312K, used 88511K [0x0000000080000000, 0x0000000100000000)
  region size 1024K, 6 young (6144K), 1 survivors (1024K)
 Metaspace       used 95664K, capacity 98527K, committed 98816K, reserved 1134592K
  class space    used 11934K, capacity 12931K, committed 13056K, reserved 1048576K
}
Event: 2182.741 GC heap after
{Heap after GC invocations=143 (full 0):
 garbage-first heap   total 141312K, used 82603K [0x0000000080000000, 0x0000000100000000)
  region size 1024K, 1 young (1024K), 1 survivors (1024K)
 Metaspace       used 95664K, capacity 98527K, committed 98816K, reserved 1134592K
  class space    used 11934K, capacity 12931K, committed 13056K, reserved 1048576K
}
Event: 2196.702 GC heap before
{Heap before GC invocations=143 (full 0):
 garbage-first heap   total 141312K, used 108203K [0x0000000080000000, 0x0000000100000000)
  region size 1024K, 26 young (26624K), 1 survivors (1024K)
 Metaspace       used 95752K, capacity 98601K, committed 98816K, reserved 1134592K
  class space    used 11935K, capacity 12932K, committed 13056K, reserved 1048576K
}
Event: 2196.712 GC heap after
{Heap after GC invocations=144 (full 0):
 garbage-first heap   total 141312K, used 84905K [0x0000000080000000, 0x0000000100000000)
  region size 1024K, 3 young (3072K), 3 survivors (3072K)
 Metaspace       used 95752K, capacity 98601K, committed 98816K, reserved 1134592K
  class space    used 11935K, capacity 12932K, committed 13056K, reserved 1048576K
}
Event: 2196.957 GC heap before
{Heap before GC invocations=145 (full 0):
 garbage-first heap   total 141312K, used 110505K [0x0000000080000000, 0x0000000100000000)
  region size 1024K, 28 young (28672K), 3 survivors (3072K)
 Metaspace       used 95811K, capacity 98666K, committed 98816K, reserved 1134592K
  class space    used 11935K, capacity 12932K, committed 13056K, reserved 1048576K
}
Event: 2196.964 GC heap after
{Heap after GC invocations=146 (full 0):
 garbage-first heap   total 141312K, used 87731K [0x0000000080000000, 0x0000000100000000)
  region size 1024K, 4 young (4096K), 4 survivors (4096K)
 Metaspace       used 95811K, capacity 98666K, committed 98816K, reserved 1134592K
  class space    used 11935K, capacity 12932K, committed 13056K, reserved 1048576K
}
Event: 2196.979 GC heap before
{Heap before GC invocations=146 (full 0):
 garbage-first heap   total 141312K, used 89779K [0x0000000080000000, 0x0000000100000000)
  region size 1024K, 6 young (6144K), 4 survivors (4096K)
 Metaspace       used 95814K, capacity 98667K, committed 98816K, reserved 1134592K
  class space    used 11935K, capacity 12932K, committed 13056K, reserved 1048576K
}
Event: 2196.998 GC heap after
{Heap after GC invocations=147 (full 0):
 garbage-first heap   total 141312K, used 79357K [0x0000000080000000, 0x0000000100000000)
  region size 1024K, 1 young (1024K), 1 survivors (1024K)
 Metaspace       used 95814K, capacity 98667K, committed 98816K, reserved 1134592K
  class space    used 11935K, capacity 12932K, committed 13056K, reserved 1048576K
}

